[debug] [2026-05-14T13:10:42.686Z] ----------------------------------------------------------------------
[debug] [2026-05-14T13:10:42.690Z] Command:       C:\Program Files\nodejs\node.exe C:\Users\HP\AppData\Roaming\npm\node_modules\firebase-tools\lib\bin\firebase.js init
[debug] [2026-05-14T13:10:42.690Z] CLI Version:   15.5.1
[debug] [2026-05-14T13:10:42.690Z] Platform:      win32
[debug] [2026-05-14T13:10:42.690Z] Node Version:  v24.11.1
[debug] [2026-05-14T13:10:42.690Z] Time:          Thu May 14 2026 18:40:42 GMT+0530 (India Standard Time)
[debug] [2026-05-14T13:10:42.690Z] ----------------------------------------------------------------------
[debug] 
[info] 
     ######## #### ########  ######## ########     ###     ######  ########
     ##        ##  ##     ## ##       ##     ##  ##   ##  ##       ##
     ######    ##  ########  ######   ########  #########  ######  ######
     ##        ##  ##    ##  ##       ##     ## ##     ##       ## ##
     ##       #### ##     ## ######## ########  ##     ##  ######  ########

You're about to initialize a Firebase project in this directory:

  C:\Users\HP\Downloads\1percent-traders-source

[info] 
=== Project Setup
[info] 
[info] First, let's associate this project directory with a Firebase project.
[info] You can create multiple project aliases by running firebase use --add, 
[info] 
[debug] [2026-05-14T13:10:57.010Z] > command requires scopes: ["email","openid","https://www.googleapis.com/auth/cloudplatformprojects.readonly","https://www.googleapis.com/auth/firebase","https://www.googleapis.com/auth/cloud-platform"]
[debug] [2026-05-14T13:10:57.011Z] > authorizing via signed-in user (sukruth321@gmail.com)
[debug] [2026-05-14T13:10:57.014Z] Checked if tokens are valid: true, expires at: 1778767791892
[debug] [2026-05-14T13:10:57.015Z] Checked if tokens are valid: true, expires at: 1778767791892
[debug] [2026-05-14T13:10:57.017Z] >>> [apiv2][query] GET https://firebase.googleapis.com/v1beta1/projects/onepercent-2656a [none]
[debug] [2026-05-14T13:10:57.571Z] <<< [apiv2][status] GET https://firebase.googleapis.com/v1beta1/projects/onepercent-2656a 403
[debug] [2026-05-14T13:10:57.571Z] <<< [apiv2][body] GET https://firebase.googleapis.com/v1beta1/projects/onepercent-2656a {"error":{"code":403,"message":"The caller does not have permission","status":"PERMISSION_DENIED"}}
[debug] [2026-05-14T13:10:57.573Z] Request to https://firebase.googleapis.com/v1beta1/projects/onepercent-2656a had HTTP Error: 403, The caller does not have permission
[debug] [2026-05-14T13:10:57.813Z] FirebaseError: Request to https://firebase.googleapis.com/v1beta1/projects/onepercent-2656a had HTTP Error: 403, The caller does not have permission
    at responseToError (C:\Users\HP\AppData\Roaming\npm\node_modules\firebase-tools\lib\responseToError.js:53:12)
    at RetryOperation._fn (C:\Users\HP\AppData\Roaming\npm\node_modules\firebase-tools\lib\apiv2.js:330:77)
    at process.processTicksAndRejections (node:internal/process/task_queues:103:5)
[error] 
[error] Error: Failed to get Firebase project onepercent-2656a. Please make sure the project exists and your account has permission to access it.
